accountsservice					install
acpid						install
adduser						install
apparmor					install
apport						install
apport-symptoms					install
apt						install
apt-transport-https				install
apt-utils					install
apt-xapian-index				install
aptitude					install
at						install
augeas-lenses					install
base-files					install
base-passwd					install
bash						install
bash-completion					install
bc						install
bind9-host					install
binutils					install
bsdmainutils					install
bsdutils					install
build-essential					install
busybox-initramfs				install
busybox-static					install
byobu						install
bzip2						install
ca-certificates					install
cloud-init					install
cloud-initramfs-growroot			install
cloud-initramfs-rescuevol			install
cloud-utils					install
command-not-found				install
command-not-found-data				install
console-setup					install
coreutils					install
cpio						install
cpp						install
cpp-4.6						install
crda						install
cron						install
curl						install
dash						install
dbus						install
debconf						install
debconf-i18n					install
debconf-utils					install
debianutils					install
diffutils					install
dkms						install
dmidecode					install
dmsetup						install
dnsutils					install
dosfstools					install
dpkg						install
dpkg-dev					install
e2fslibs					install
e2fsprogs					install
ed						install
eject						install
euca2ools					install
facter						install
fakeroot					install
file						install
findutils					install
fontconfig					install
fontconfig-config				install
fonts-liberation				install
fonts-ubuntu-font-family-console		install
friendly-recovery				install
ftp						install
fuse						install
g++						install
g++-4.6						install
gcc						install
gcc-4.6						install
gcc-4.6-base					install
geoip-database					install
gettext-base					install
gir1.2-glib-2.0					install
gir1.2-gudev-1.0				install
git						install
git-man						install
gnupg						install
gpgv						install
graphviz					install
grep						install
groff-base					install
grub-common					install
grub-gfxpayload-lists				install
grub-legacy-ec2					install
grub-pc						install
grub-pc-bin					install
grub2-common					install
gzip						install
hdparm						install
hostname					install
ifupdown					install
info						install
initramfs-tools					install
initramfs-tools-bin				install
initscripts					install
insserv						install
install-info					install
iproute						install
iptables					install
iputils-ping					install
iputils-tracepath				install
irqbalance					install
isc-dhcp-client					install
isc-dhcp-common					install
iso-codes					install
iw						install
juju						install
kbd						install
keyboard-configuration				install
klibc-utils					install
krb5-locales					install
landscape-client				install
landscape-common				install
language-selector-common			install
laptop-detect					install
less						install
libaccountsservice0				install
libacl1						install
libalgorithm-diff-perl				install
libalgorithm-diff-xs-perl			install
libalgorithm-merge-perl				install
libapt-inst1.4					install
libapt-pkg4.12					install
libasn1-8-heimdal				install
libattr1					install
libaugeas-ruby1.8				install
libaugeas0					install
libbind9-80					install
libblkid1					install
libboost-iostreams1.46.1			install
libbsd0						install
libbz2-1.0					install
libc-bin					install
libc-dev-bin					install
libc6						install
libc6-dev					install
libcairo2					install
libcap-ng0					install
libcap2						install
libcdt4						install
libcgraph5					install
libclass-accessor-perl				install
libclass-isa-perl				install
libcomerr2					install
libcurl3					install
libcurl3-gnutls					install
libcwidget3					install
libdatrie1					install
libdb5.1					install
libdbus-1-3					install
libdbus-glib-1-2				install
libdevmapper1.02.1				install
libdns81					install
libdpkg-perl					install
libdrm-intel1					install
libdrm-nouveau1a				install
libdrm-radeon1					install
libdrm2						install
libedit2					install
libelf1						install
libept1.4.12					install
liberror-perl					install
libevent-2.0-5					install
libexpat1					install
libexpat1-dev					install
libffi6						install
libfontconfig1					install
libfontenc1					install
libfreetype6					install
libfribidi0					install
libfuse2					install
libgc1c2					install
libgcc1						install
libgcrypt11					install
libgd2-noxpm					install
libgdbm3					install
libgeoip1					install
libgirepository-1.0-1				install
libgl1-mesa-dri					install
libglib2.0-0					install
libgmp10					install
libgnutls26					install
libgomp1					install
libgpg-error0					install
libgpm2						install
libgraph4					install
libgssapi-krb5-2				install
libgssapi3-heimdal				install
libgssglue1					install
libgudev-1.0-0					install
libgvc5						install
libgvpr1					install
libhcrypto4-heimdal				install
libheimbase1-heimdal				install
libheimntlm0-heimdal				install
libhx509-5-heimdal				install
libice6						install
libidn11					install
libio-string-perl				install
libisc83					install
libisccc80					install
libisccfg82					install
libiw30						install
libjpeg-turbo8					install
libjpeg8					install
libjs-jquery					install
libk5crypto3					install
libkeyutils1					install
libklibc					install
libkrb5-26-heimdal				install
libkrb5-3					install
libkrb5support0					install
libldap-2.4-2					install
libllvm3.0					install
liblocale-gettext-perl				install
liblockfile-bin					install
liblockfile1					install
liblwres80					install
liblzma5					install
libmagic1					install
libmount1					install
libmpc2						install
libmpfr4					install
libncurses5					install
libncursesw5					install
libnewt0.52					install
libnfnetlink0					install
libnfsidmap2					install
libnih-dbus1					install
libnih1						install
libnl-3-200					install
libnl-genl-3-200				install
libp11-kit0					install
libpam-modules					install
libpam-modules-bin				install
libpam-runtime					install
libpam0g					install
libpango1.0-0					install
libparse-debianchangelog-perl			install
libparted0debian1				install
libpathplan4					install
libpcap0.8					install
libpci3						install
libpciaccess0					install
libpcre3					install
libpcsclite1					install
libpipeline1					install
libpixman-1-0					install
libplymouth2					install
libpng12-0					install
libpolkit-gobject-1-0				install
libpopt0					install
libpython2.7					install
libquadmath0					install
libreadline5					install
libreadline6					install
libroken18-heimdal				install
librtmp0					install
libruby						install
libruby1.8					install
libsasl2-2					install
libsasl2-modules				install
libselinux1					install
libshadow-ruby1.8				install
libsigc++-2.0-0c2a				install
libslang2					install
libsm6						install
libsqlite3-0					install
libss2						install
libssl-dev					install
libssl-doc					install
libssl1.0.0					install
libstdc++6					install
libstdc++6-4.6-dev				install
libsub-name-perl				install
libswitch-perl					install
libtasn1-3					install
libtext-charwidth-perl				install
libtext-iconv-perl				install
libtext-wrapi18n-perl				install
libthai-data					install
libthai0					install
libtimedate-perl				install
libtinfo5					install
libtirpc1					install
libudev0					install
libusb-0.1-4					install
libusb-1.0-0					install
libuuid1					install
libwind0-heimdal				install
libwrap0					install
libx11-6					install
libx11-data					install
libxapian22					install
libxau6						install
libxaw7						install
libxcb-render0					install
libxcb-shm0					install
libxcb1						install
libxcomposite1					install
libxdamage1					install
libxdmcp6					install
libxext6					install
libxfixes3					install
libxfont1					install
libxft2						install
libxkbfile1					install
libxml2						install
libxml2-dev					install
libxmu6						install
libxmuu1					install
libxpm4						install
libxrandr2					install
libxrender1					install
libxslt1-dev					install
libxslt1.1					install
libxt6						install
libyaml-0-2					install
libzookeeper-mt2				install
linux-firmware					install
linux-headers-3.2.0-41				install
linux-headers-3.2.0-41-generic			install
linux-headers-generic				install
linux-image-3.2.0-41-generic			install
linux-image-generic				install
linux-libc-dev					install
locales						install
lockfile-progs					install
login						install
logrotate					install
lsb-base					install
lsb-release					install
lshw						install
lsof						install
ltrace						install
make						install
makedev						install
man-db						install
manpages					install
manpages-dev					install
mawk						install
memtest86+					install
mime-support					install
mlocate						install
module-init-tools				install
mount						install
mountall					install
mtr-tiny					install
multiarch-support				install
nano						install
ncurses-base					install
ncurses-bin					install
net-tools					install
netbase						install
netcat-openbsd					install
nfs-common					install
ntfs-3g						install
ntpdate						install
openssh-client					install
openssh-server					install
openssl						install
os-prober					install
parted						install
passwd						install
patch						install
pciutils					install
perl						install
perl-base					install
perl-modules					install
plymouth					install
plymouth-theme-ubuntu-text			install
popularity-contest				install
powermgmt-base					install
ppp						install
pppconfig					install
pppoeconf					install
procps						install
psmisc						install
puppet						install
puppet-common					install
python						install
python-apport					install
python-apt					install
python-apt-common				install
python-boto					install
python-chardet					install
python-cheetah					install
python-configobj				install
python-crypto					install
python-dateutil					install
python-dbus					install
python-dbus-dev					install
python-debian					install
python-dev					install
python-gdbm					install
python-gi					install
python-gnupginterface				install
python-httplib2					install
python-keyring					install
python-launchpadlib				install
python-lazr.restfulclient			install
python-lazr.uri					install
python-m2crypto					install
python-minimal					install
python-newt					install
python-oauth					install
python-openssl					install
python-pam					install
python-paramiko					install
python-pip					install
python-pkg-resources				install
python-problem-report				install
python-pyasn1					install
python-pycurl					install
python-pydot					install
python-pyparsing				install
python-serial					install
python-setuptools				install
python-simplejson				install
python-software-properties			install
python-support					install
python-twisted					install
python-twisted-bin				install
python-twisted-conch				install
python-twisted-core				install
python-twisted-lore				install
python-twisted-mail				install
python-twisted-names				install
python-twisted-news				install
python-twisted-runner				install
python-twisted-web				install
python-twisted-words				install
python-txaws					install
python-txzookeeper				install
python-virtualenv				install
python-wadllib					install
python-xapian					install
python-yaml					install
python-zookeeper				install
python-zope.interface				install
python2.7					install
python2.7-dev					install
python2.7-minimal				install
readline-common					install
resolvconf					install
rpcbind						install
rsync						install
rsyslog						install
ruby						install
ruby1.8						install
ruby1.8-dev					install
rubygems					install
screen						install
sed						install
sensible-utils					install
sgml-base					install
ssh-import-id					install
strace						install
sudo						install
sysv-rc						install
sysvinit-utils					install
tar						install
tasksel						install
tasksel-data					install
tcpd						install
tcpdump						install
telnet						install
time						install
tmux						install
ttf-dejavu-core					install
ttf-liberation					install
tzdata						install
ubuntu-keyring					install
ubuntu-minimal					install
ubuntu-standard					install
ucf						install
udev						install
ufw						install
unattended-upgrades				install
update-manager-core				install
update-notifier-common				install
upstart						install
ureadahead					install
usbutils					install
util-linux					install
uuid-runtime					install
vim						install
vim-common					install
vim-runtime					install
vim-tiny					install
virtualbox-guest-dkms				install
virtualbox-guest-utils				install
virtualbox-guest-x11				install
w3m						install
wget						install
whiptail					install
whoopsie					install
wireless-regdb					install
wireless-tools					install
wpasupplicant					install
x11-common					install
x11-xkb-utils					install
xauth						install
xfonts-base					install
xfonts-encodings				install
xfonts-utils					install
xkb-data					install
xml-core					install
xserver-common					install
xserver-xorg-core				install
xz-lzma						install
xz-utils					install
zlib1g						install
zlib1g-dev					install
